c:\users\seowo\onedrive\desktop\trpg\ui\ui\x64\debug\vc143.pdb
c:\users\seowo\onedrive\desktop\trpg\ui\ui\x64\debug\vc143.idb
c:\users\seowo\onedrive\desktop\trpg\ui\ui\x64\debug\title.obj
c:\users\seowo\onedrive\desktop\trpg\ui\ui\x64\debug\main.obj
c:\users\seowo\onedrive\desktop\trpg\ui\ui\x64\debug\ui_fuction.obj
c:\users\seowo\onedrive\desktop\trpg\ui\ui\x64\debug\monster.obj
c:\users\seowo\onedrive\desktop\trpg\ui\ui\x64\debug\character.obj
c:\users\seowo\onedrive\desktop\trpg\ui\ui\x64\debug\item.obj
c:\users\seowo\onedrive\desktop\trpg\ui\ui\x64\debug\battlesystem.obj
c:\users\seowo\onedrive\desktop\trpg\ui\x64\debug\ui.exe
c:\users\seowo\onedrive\desktop\trpg\ui\x64\debug\ui.pdb
c:\users\seowo\onedrive\desktop\trpg\ui\ui\x64\debug\ui.ilk
c:\users\seowo\onedrive\desktop\trpg\ui\ui\x64\debug\ui.obj
c:\users\seowo\onedrive\desktop\trpg\ui\ui\x64\debug\main.obj.enc
c:\users\seowo\onedrive\desktop\trpg\ui\ui\x64\debug\ui.tlog\cl.command.1.tlog
c:\users\seowo\onedrive\desktop\trpg\ui\ui\x64\debug\ui.tlog\cl.items.tlog
c:\users\seowo\onedrive\desktop\trpg\ui\ui\x64\debug\ui.tlog\cl.read.1.tlog
c:\users\seowo\onedrive\desktop\trpg\ui\ui\x64\debug\ui.tlog\cl.write.1.tlog
c:\users\seowo\onedrive\desktop\trpg\ui\ui\x64\debug\ui.tlog\link.command.1.tlog
c:\users\seowo\onedrive\desktop\trpg\ui\ui\x64\debug\ui.tlog\link.read.1.tlog
c:\users\seowo\onedrive\desktop\trpg\ui\ui\x64\debug\ui.tlog\link.secondary.1.tlog
c:\users\seowo\onedrive\desktop\trpg\ui\ui\x64\debug\ui.tlog\link.write.1.tlog
